[0m10:26:54.348955 [debug] [MainThread]: Sending event: {'category': 'dbt', 'action': 'invocation', 'label': 'start', 'context': [<snowplow_tracker.self_describing_json.SelfDescribingJson object at 0x000001B1B3EB9160>, <snowplow_tracker.self_describing_json.SelfDescribingJson object at 0x000001B1B0873250>, <snowplow_tracker.self_describing_json.SelfDescribingJson object at 0x000001B1B4936E90>]}


============================== 10:26:54.378151 | 276016e0-add7-4a57-aa3e-900668203b36 ==============================
[0m10:26:54.378151 [info ] [MainThread]: Running with dbt=1.11.8
[0m10:26:54.381735 [debug] [MainThread]: running dbt with arguments {'static_parser': 'True', 'no_print': 'None', 'version_check': 'True', 'warn_error_options': 'WarnErrorOptionsV2(error=[], warn=[], silence=[])', 'target_path': 'None', 'printer_width': '80', 'write_json': 'True', 'empty': 'None', 'log_cache_events': 'False', 'introspect': 'True', 'cache_selected_only': 'False', 'log_format': 'default', 'debug': 'False', 'fail_fast': 'False', 'profiles_dir': 'C:\\Users\\FINE LAPTOP\\.dbt', 'send_anonymous_usage_stats': 'True', 'quiet': 'False', 'warn_error': 'None', 'partial_parse': 'True', 'indirect_selection': 'eager', 'use_colors': 'True', 'invocation_command': 'dbt init social_media', 'use_experimental_parser': 'False', 'log_path': 'logs'}
[0m10:26:54.537344 [info ] [MainThread]: Creating dbt configuration folder at C:\Users\FINE LAPTOP\.dbt
[0m10:26:54.557495 [debug] [MainThread]: Starter project path: E:\Data engineering project\social-media-pipeline\venv\Lib\site-packages\dbt\include\starter_project
[0m10:26:54.633392 [info ] [MainThread]: 
Your new dbt project "social_media" was created!

For more information on how to configure the profiles.yml file,
please consult the dbt documentation here:

  https://docs.getdbt.com/docs/configure-your-profile

One more thing:

Need help? Don't hesitate to reach out to us via GitHub issues or on Slack:

  https://community.getdbt.com/

Happy modeling!

[0m10:26:54.635748 [info ] [MainThread]: Setting up your profile.
[0m10:27:04.389396 [info ] [MainThread]: Profile social_media written to C:\Users\FINE LAPTOP\.dbt\profiles.yml using target's sample configuration. Once updated, you'll be able to start developing with dbt.
[0m10:27:04.393027 [debug] [MainThread]: Command `dbt init` succeeded at 10:27:04.392654 after 10.73 seconds
[0m10:27:04.393958 [debug] [MainThread]: Sending event: {'category': 'dbt', 'action': 'invocation', 'label': 'end', 'context': [<snowplow_tracker.self_describing_json.SelfDescribingJson object at 0x000001B1B5056650>, <snowplow_tracker.self_describing_json.SelfDescribingJson object at 0x000001B1B49467B0>, <snowplow_tracker.self_describing_json.SelfDescribingJson object at 0x000001B1B61CCC00>]}
[0m10:27:04.394888 [debug] [MainThread]: Flushing usage events
[0m10:27:07.062540 [debug] [MainThread]: An error was encountered while trying to flush usage events
